2015-06-25 16:43:07,419 [Worker-7] INFO  o.e.m.c.i.l.LifecycleMappingFactory - Using NULL lifecycle mapping for MavenProject: com.adobe.acs:acs-aem-tools:0.0.23-SNAPSHOT @ /Users/schaefa/Development/headwire/AEM.Tooling.4.IntelliJ/HW.AEM.Tooling/acs-tools.workspace/acs-aem-tools/pom.xml.
2015-06-25 16:43:08,206 [Worker-7] INFO  o.e.m.c.i.l.LifecycleMappingFactory - Using org.eclipse.m2e.jdt.JarLifecycleMapping lifecycle mapping for MavenProject: com.adobe.acs:acs-aem-tools-bundle:0.0.23-SNAPSHOT @ /Users/schaefa/Development/headwire/AEM.Tooling.4.IntelliJ/HW.AEM.Tooling/acs-tools.workspace/acs-aem-tools/bundle/pom.xml.
2015-06-25 16:43:08,840 [Worker-7] INFO  o.e.m.c.i.l.LifecycleMappingFactory - Using org.eclipse.m2e.jdt.JarLifecycleMapping lifecycle mapping for MavenProject: com.adobe.acs:acs-aem-tools-bundle-livereload:0.0.23-SNAPSHOT @ /Users/schaefa/Development/headwire/AEM.Tooling.4.IntelliJ/HW.AEM.Tooling/acs-tools.workspace/acs-aem-tools/bundle-live-reload/pom.xml.
2015-06-25 16:43:09,133 [Worker-7] INFO  o.e.m.c.i.l.LifecycleMappingFactory - Using DEFAULT lifecycle mapping for MavenProject: com.adobe.acs:acs-aem-tools-content:0.0.23-SNAPSHOT @ /Users/schaefa/Development/headwire/AEM.Tooling.4.IntelliJ/HW.AEM.Tooling/acs-tools.workspace/acs-aem-tools/content/pom.xml.
2015-06-25 16:43:11,651 [Worker-2] INFO  o.e.m.c.i.l.LifecycleMappingFactory - Using NULL lifecycle mapping for MavenProject: com.adobe.acs:acs-aem-tools:0.0.23-SNAPSHOT @ /Users/schaefa/Development/headwire/AEM.Tooling.4.IntelliJ/HW.AEM.Tooling/acs-tools.workspace/acs-aem-tools/pom.xml.
2015-06-25 16:43:11,885 [Worker-2] INFO  o.e.m.c.i.l.LifecycleMappingFactory - Using DEFAULT lifecycle mapping for MavenProject: com.adobe.acs:acs-aem-tools-content:0.0.23-SNAPSHOT @ /Users/schaefa/Development/headwire/AEM.Tooling.4.IntelliJ/HW.AEM.Tooling/acs-tools.workspace/acs-aem-tools/content/pom.xml.
2015-06-25 16:43:12,123 [Worker-7] INFO  o.e.m.j.i.AbstractJavaProjectConfigurator - Adding source folder /acs-aem-tools-bundle/src/main/java
2015-06-25 16:43:12,124 [Worker-7] INFO  o.e.m.j.i.AbstractJavaProjectConfigurator - Adding resource folder /acs-aem-tools-bundle/src/main/resources
2015-06-25 16:43:12,125 [Worker-7] INFO  o.e.m.j.i.AbstractJavaProjectConfigurator - Adding source folder /acs-aem-tools-bundle/src/test/java
2015-06-25 16:43:12,179 [Worker-2] INFO  o.e.m.c.i.l.LifecycleMappingFactory - Using org.eclipse.m2e.jdt.JarLifecycleMapping lifecycle mapping for MavenProject: com.adobe.acs:acs-aem-tools-bundle-livereload:0.0.23-SNAPSHOT @ /Users/schaefa/Development/headwire/AEM.Tooling.4.IntelliJ/HW.AEM.Tooling/acs-tools.workspace/acs-aem-tools/bundle-live-reload/pom.xml.
2015-06-25 16:43:12,360 [Worker-2] INFO  o.e.m.c.i.l.LifecycleMappingFactory - Using org.eclipse.m2e.jdt.JarLifecycleMapping lifecycle mapping for MavenProject: com.adobe.acs:acs-aem-tools-bundle:0.0.23-SNAPSHOT @ /Users/schaefa/Development/headwire/AEM.Tooling.4.IntelliJ/HW.AEM.Tooling/acs-tools.workspace/acs-aem-tools/bundle/pom.xml.
2015-06-25 16:43:12,697 [Worker-2] INFO  o.e.m.c.i.l.LifecycleMappingFactory - Using org.eclipse.m2e.jdt.JarLifecycleMapping lifecycle mapping for MavenProject: com.adobe.acs:acs-aem-tools-bundle:0.0.23-SNAPSHOT @ /Users/schaefa/Development/headwire/AEM.Tooling.4.IntelliJ/HW.AEM.Tooling/acs-tools.workspace/acs-aem-tools/bundle/pom.xml.
2015-06-25 16:43:12,812 [Worker-2] INFO  o.e.m.c.i.l.LifecycleMappingFactory - Using org.eclipse.m2e.jdt.JarLifecycleMapping lifecycle mapping for MavenProject: com.adobe.acs:acs-aem-tools-bundle-livereload:0.0.23-SNAPSHOT @ /Users/schaefa/Development/headwire/AEM.Tooling.4.IntelliJ/HW.AEM.Tooling/acs-tools.workspace/acs-aem-tools/bundle-live-reload/pom.xml.
2015-06-25 16:43:12,925 [Worker-2] INFO  o.e.m.c.i.l.LifecycleMappingFactory - Using DEFAULT lifecycle mapping for MavenProject: com.adobe.acs:acs-aem-tools-content:0.0.23-SNAPSHOT @ /Users/schaefa/Development/headwire/AEM.Tooling.4.IntelliJ/HW.AEM.Tooling/acs-tools.workspace/acs-aem-tools/content/pom.xml.
2015-06-25 16:43:18,983 [Worker-7] INFO  o.e.m.j.i.AbstractJavaProjectConfigurator - Adding source folder /acs-aem-tools-bundle-livereload/src/main/java
2015-06-25 16:43:18,984 [Worker-7] INFO  o.e.m.j.i.AbstractJavaProjectConfigurator - Adding resource folder /acs-aem-tools-bundle-livereload/src/main/resources
2015-06-25 16:43:18,985 [Worker-7] INFO  o.e.m.j.i.AbstractJavaProjectConfigurator - Adding source folder /acs-aem-tools-bundle-livereload/src/test/java
2015-06-25 16:43:19,596 [Worker-7] INFO  o.e.m.j.i.AbstractJavaProjectConfigurator - Adding source folder /acs-aem-tools-content/src/main/java
2015-06-25 16:43:19,597 [Worker-7] INFO  o.e.m.j.i.AbstractJavaProjectConfigurator - Adding resource folder /acs-aem-tools-content/src/main/content/jcr_root
2015-06-25 16:43:19,609 [Worker-7] INFO  o.e.m.j.i.AbstractJavaProjectConfigurator - Adding resource folder /acs-aem-tools-content/src/main/content/META-INF/vault/definition
2015-06-25 16:43:19,610 [Worker-7] INFO  o.e.m.j.i.AbstractJavaProjectConfigurator - Adding source folder /acs-aem-tools-content/src/test/java
2015-06-25 16:43:19,682 [Worker-7] INFO  o.e.m.c.i.p.ProjectConfigurationManager - Imported and configured 4 project(s) in 19 sec
2015-06-25 16:43:22,686 [Worker-5] INFO  o.e.m.c.i.embedder.EclipseLogger - Using 'UTF-8' encoding to copy filtered resources.
2015-06-25 16:43:22,701 [Worker-5] INFO  o.e.m.c.i.embedder.EclipseLogger - Copying 2 resources
2015-06-25 16:43:22,726 [Worker-5] INFO  o.e.m.c.i.embedder.EclipseLogger - Using 'UTF-8' encoding to copy filtered resources.
2015-06-25 16:43:22,726 [Worker-5] INFO  o.e.m.c.i.embedder.EclipseLogger - skip non existing resourceDirectory /Users/schaefa/Development/headwire/AEM.Tooling.4.IntelliJ/HW.AEM.Tooling/acs-tools.workspace/acs-aem-tools/bundle/src/test/resources
2015-06-25 16:43:23,373 [Worker-5] INFO  o.e.m.c.i.l.LifecycleMappingFactory - Using org.eclipse.m2e.jdt.JarLifecycleMapping lifecycle mapping for MavenProject: com.adobe.acs:acs-aem-tools-bundle-livereload:0.0.23-SNAPSHOT @ /Users/schaefa/Development/headwire/AEM.Tooling.4.IntelliJ/HW.AEM.Tooling/acs-tools.workspace/acs-aem-tools/bundle-live-reload/pom.xml.
2015-06-25 16:43:23,579 [Worker-5] INFO  o.e.m.c.i.embedder.EclipseLogger - Using 'UTF-8' encoding to copy filtered resources.
2015-06-25 16:43:23,580 [Worker-5] INFO  o.e.m.c.i.embedder.EclipseLogger - Copying 3 resources
2015-06-25 16:43:23,590 [Worker-5] INFO  o.e.m.c.i.embedder.EclipseLogger - Using 'UTF-8' encoding to copy filtered resources.
2015-06-25 16:43:23,590 [Worker-5] INFO  o.e.m.c.i.embedder.EclipseLogger - skip non existing resourceDirectory /Users/schaefa/Development/headwire/AEM.Tooling.4.IntelliJ/HW.AEM.Tooling/acs-tools.workspace/acs-aem-tools/bundle-live-reload/src/test/resources
2015-06-25 16:43:25,017 [Worker-5] INFO  o.e.m.c.i.embedder.EclipseLogger - Parsing: apps/acs-tools/components/aemfiddle/clientlibs/js/app-controller.js
2015-06-25 16:43:25,688 [Worker-5] INFO  o.e.m.c.i.embedder.EclipseLogger - Parsing: apps/acs-tools/components/aemfiddle/clientlibs/js/app.js
2015-06-25 16:43:25,781 [Worker-5] INFO  o.e.m.c.i.embedder.EclipseLogger - Parsing: apps/acs-tools/components/aemfiddle/clientlibs/js/split-pane.js
2015-06-25 16:43:25,885 [Worker-5] INFO  o.e.m.c.i.embedder.EclipseLogger - Parsing: apps/acs-tools/components/base-page/clientlibs/js/angularjs/notifications.js
2015-06-25 16:43:25,915 [Worker-5] INFO  o.e.m.c.i.embedder.EclipseLogger - Parsing: apps/acs-tools/components/clientlibs-optimizer/clientlibs/js/app.js
2015-06-25 16:43:25,972 [Worker-5] INFO  o.e.m.c.i.embedder.EclipseLogger - Parsing: apps/acs-tools/components/csv-asset-importer/clientlibs/js/app.js
2015-06-25 16:43:26,014 [Worker-5] INFO  o.e.m.c.i.embedder.EclipseLogger - Parsing: apps/acs-tools/components/explain-query/clientlibs/js/app.js
2015-06-25 16:43:26,050 [Worker-5] INFO  o.e.m.c.i.embedder.EclipseLogger - Parsing: apps/acs-tools/components/jsp-code-display/clientlibs/js/app.js
2015-06-25 16:43:26,150 [Worker-5] INFO  o.e.m.c.i.embedder.EclipseLogger - Parsing: apps/acs-tools/components/query-editor/clientlibs/js/app.js
2015-06-25 16:43:26,158 [Worker-5] INFO  o.e.m.c.i.embedder.EclipseLogger - Parsing: apps/acs-tools/components/query-editor/clientlibs/js/controllers/controller-inputeditor.js
2015-06-25 16:43:26,189 [Worker-5] INFO  o.e.m.c.i.embedder.EclipseLogger - Parsing: apps/acs-tools/components/query-editor/clientlibs/js/controllers/controller-outputeditor.js
2015-06-25 16:43:26,216 [Worker-5] INFO  o.e.m.c.i.embedder.EclipseLogger - Parsing: apps/acs-tools/components/query-editor/clientlibs/js/controllers/controller-queryeditor.js
2015-06-25 16:43:26,245 [Worker-5] INFO  o.e.m.c.i.embedder.EclipseLogger - Parsing: apps/acs-tools/components/query-editor/clientlibs/js/directives.js
2015-06-25 16:43:26,261 [Worker-5] INFO  o.e.m.c.i.embedder.EclipseLogger - Parsing: apps/acs-tools/components/query-editor/clientlibs/js/mode-querybuilder.js
2015-06-25 16:43:26,299 [Worker-5] INFO  o.e.m.c.i.embedder.EclipseLogger - Parsing: apps/acs-tools/components/query-editor/clientlibs/js/modules.js
2015-06-25 16:43:26,305 [Worker-5] INFO  o.e.m.c.i.embedder.EclipseLogger - Parsing: apps/acs-tools/components/query-editor/clientlibs/js/services/service-crx.js
2015-06-25 16:43:26,328 [Worker-5] INFO  o.e.m.c.i.embedder.EclipseLogger - Parsing: apps/acs-tools/components/query-editor/clientlibs/js/services/service-debounce.js
2015-06-25 16:43:26,345 [Worker-5] INFO  o.e.m.c.i.embedder.EclipseLogger - Parsing: apps/acs-tools/components/query-editor/clientlibs/js/snippets-querybuilder.js
2015-06-25 16:43:26,350 [Worker-5] INFO  o.e.m.c.i.embedder.EclipseLogger - Parsing: apps/acs-tools/components/tag-maker/clientlibs/js/app.js
2015-06-25 16:43:26,381 [Worker-5] INFO  o.e.m.c.i.embedder.EclipseLogger - Parsing: apps/acs-tools/components/test-page-generator/clientlibs/js/app.js
2015-06-25 16:43:26,414 [Worker-5] INFO  o.e.m.c.i.embedder.EclipseLogger - Parsing: apps/acs-tools/components/vlt-rcp/clientlibs/js/app.js
2015-06-25 16:43:26,536 [Worker-5] INFO  o.e.m.c.i.embedder.EclipseLogger - Using 'UTF-8' encoding to copy filtered resources.
2015-06-25 16:43:26,572 [Worker-5] INFO  o.e.m.c.i.embedder.EclipseLogger - Copying 473 resources
2015-06-25 16:43:27,492 [Worker-5] INFO  o.e.m.c.i.embedder.EclipseLogger - Copying 2 resources to ../vault-work/META-INF/vault/definition
2015-06-25 16:43:27,494 [Worker-5] INFO  o.e.m.c.i.embedder.EclipseLogger - Using 'UTF-8' encoding to copy filtered resources.
2015-06-25 16:43:27,495 [Worker-5] INFO  o.e.m.c.i.embedder.EclipseLogger - skip non existing resourceDirectory /Users/schaefa/Development/headwire/AEM.Tooling.4.IntelliJ/HW.AEM.Tooling/acs-tools.workspace/acs-aem-tools/content/src/test/resources
2015-06-25 16:46:34,564 [Worker-5] INFO  o.e.m.c.i.l.LifecycleMappingFactory - Using DEFAULT lifecycle mapping for MavenProject: com.adobe.acs:acs-aem-tools-content:0.0.23-SNAPSHOT @ /Users/schaefa/Development/headwire/AEM.Tooling.4.IntelliJ/HW.AEM.Tooling/acs-tools.workspace/acs-aem-tools/content/pom.xml.
2015-06-25 16:46:35,008 [Worker-5] INFO  o.e.m.c.i.embedder.EclipseLogger - Parsing: apps/acs-tools/components/aemfiddle/clientlibs/js/app-controller.js
2015-06-25 16:46:35,454 [Worker-5] INFO  o.e.m.c.i.embedder.EclipseLogger - Parsing: apps/acs-tools/components/aemfiddle/clientlibs/js/app.js
2015-06-25 16:46:35,523 [Worker-5] INFO  o.e.m.c.i.embedder.EclipseLogger - Parsing: apps/acs-tools/components/aemfiddle/clientlibs/js/split-pane.js
2015-06-25 16:46:35,572 [Worker-5] INFO  o.e.m.c.i.embedder.EclipseLogger - Parsing: apps/acs-tools/components/base-page/clientlibs/js/angularjs/notifications.js
2015-06-25 16:46:35,605 [Worker-5] INFO  o.e.m.c.i.embedder.EclipseLogger - Parsing: apps/acs-tools/components/clientlibs-optimizer/clientlibs/js/app.js
2015-06-25 16:46:35,640 [Worker-5] INFO  o.e.m.c.i.embedder.EclipseLogger - Parsing: apps/acs-tools/components/csv-asset-importer/clientlibs/js/app.js
2015-06-25 16:46:35,676 [Worker-5] INFO  o.e.m.c.i.embedder.EclipseLogger - Parsing: apps/acs-tools/components/explain-query/clientlibs/js/app.js
2015-06-25 16:46:35,714 [Worker-5] INFO  o.e.m.c.i.embedder.EclipseLogger - Parsing: apps/acs-tools/components/jsp-code-display/clientlibs/js/app.js
2015-06-25 16:46:35,758 [Worker-5] INFO  o.e.m.c.i.embedder.EclipseLogger - Parsing: apps/acs-tools/components/query-editor/clientlibs/js/app.js
2015-06-25 16:46:35,766 [Worker-5] INFO  o.e.m.c.i.embedder.EclipseLogger - Parsing: apps/acs-tools/components/query-editor/clientlibs/js/controllers/controller-inputeditor.js
2015-06-25 16:46:35,818 [Worker-5] INFO  o.e.m.c.i.embedder.EclipseLogger - Parsing: apps/acs-tools/components/query-editor/clientlibs/js/controllers/controller-outputeditor.js
2015-06-25 16:46:35,854 [Worker-5] INFO  o.e.m.c.i.embedder.EclipseLogger - Parsing: apps/acs-tools/components/query-editor/clientlibs/js/controllers/controller-queryeditor.js
2015-06-25 16:46:35,880 [Worker-5] INFO  o.e.m.c.i.embedder.EclipseLogger - Parsing: apps/acs-tools/components/query-editor/clientlibs/js/directives.js
2015-06-25 16:46:35,894 [Worker-5] INFO  o.e.m.c.i.embedder.EclipseLogger - Parsing: apps/acs-tools/components/query-editor/clientlibs/js/mode-querybuilder.js
2015-06-25 16:46:35,929 [Worker-5] INFO  o.e.m.c.i.embedder.EclipseLogger - Parsing: apps/acs-tools/components/query-editor/clientlibs/js/modules.js
2015-06-25 16:46:35,934 [Worker-5] INFO  o.e.m.c.i.embedder.EclipseLogger - Parsing: apps/acs-tools/components/query-editor/clientlibs/js/services/service-crx.js
2015-06-25 16:46:35,948 [Worker-5] INFO  o.e.m.c.i.embedder.EclipseLogger - Parsing: apps/acs-tools/components/query-editor/clientlibs/js/services/service-debounce.js
2015-06-25 16:46:35,994 [Worker-5] INFO  o.e.m.c.i.embedder.EclipseLogger - Parsing: apps/acs-tools/components/query-editor/clientlibs/js/snippets-querybuilder.js
2015-06-25 16:46:36,005 [Worker-5] INFO  o.e.m.c.i.embedder.EclipseLogger - Parsing: apps/acs-tools/components/tag-maker/clientlibs/js/app.js
2015-06-25 16:46:36,040 [Worker-5] INFO  o.e.m.c.i.embedder.EclipseLogger - Parsing: apps/acs-tools/components/test-page-generator/clientlibs/js/app.js
2015-06-25 16:46:36,070 [Worker-5] INFO  o.e.m.c.i.embedder.EclipseLogger - Parsing: apps/acs-tools/components/vlt-rcp/clientlibs/js/app.js
2015-06-25 16:46:36,163 [Worker-5] INFO  o.e.m.c.i.embedder.EclipseLogger - Using 'UTF-8' encoding to copy filtered resources.
2015-06-25 16:46:36,222 [Worker-5] INFO  o.e.m.c.i.embedder.EclipseLogger - Copying 0 resource
2015-06-25 16:46:36,222 [Worker-5] INFO  o.e.m.c.i.embedder.EclipseLogger - Copying 0 resource to ../vault-work/META-INF/vault/definition
2015-06-25 16:46:36,224 [Worker-5] INFO  o.e.m.c.i.embedder.EclipseLogger - Using 'UTF-8' encoding to copy filtered resources.
2015-06-25 16:46:36,224 [Worker-5] INFO  o.e.m.c.i.embedder.EclipseLogger - skip non existing resourceDirectory /Users/schaefa/Development/headwire/AEM.Tooling.4.IntelliJ/HW.AEM.Tooling/acs-tools.workspace/acs-aem-tools/content/src/test/resources
2015-06-25 16:47:39,166 [Worker-6] WARN  o.a.j.spi2dav.RepositoryServiceImpl - Authentication required to access repository descriptors
2015-06-25 16:47:41,355 [Worker-6] ERROR o.a.j.j.h.ChildNodeEntriesImpl - ChildInfo iterator contains multiple entries with the same name|index or uniqueID -> ignore ChildNodeInfo.
2015-06-25 16:47:41,474 [Worker-6] ERROR o.a.j.j.h.ChildNodeEntriesImpl - ChildInfo iterator contains multiple entries with the same name|index or uniqueID -> ignore ChildNodeInfo.
2015-06-25 16:47:41,586 [Worker-6] ERROR o.a.j.j.h.ChildNodeEntriesImpl - ChildInfo iterator contains multiple entries with the same name|index or uniqueID -> ignore ChildNodeInfo.
2015-06-25 16:47:41,977 [Worker-6] ERROR o.a.j.j.h.ChildNodeEntriesImpl - ChildInfo iterator contains multiple entries with the same name|index or uniqueID -> ignore ChildNodeInfo.
2015-06-25 16:47:42,137 [Worker-6] ERROR o.a.j.j.h.ChildNodeEntriesImpl - ChildInfo iterator contains multiple entries with the same name|index or uniqueID -> ignore ChildNodeInfo.
2015-06-25 16:47:42,298 [Worker-6] ERROR o.a.j.j.h.ChildNodeEntriesImpl - ChildInfo iterator contains multiple entries with the same name|index or uniqueID -> ignore ChildNodeInfo.
2015-06-25 16:47:42,516 [Worker-6] ERROR o.a.j.j.h.ChildNodeEntriesImpl - ChildInfo iterator contains multiple entries with the same name|index or uniqueID -> ignore ChildNodeInfo.
2015-06-25 16:47:42,594 [Worker-6] ERROR o.a.j.j.h.ChildNodeEntriesImpl - ChildInfo iterator contains multiple entries with the same name|index or uniqueID -> ignore ChildNodeInfo.
2015-06-25 16:47:43,367 [Worker-6] ERROR o.a.j.j.h.ChildNodeEntriesImpl - ChildInfo iterator contains multiple entries with the same name|index or uniqueID -> ignore ChildNodeInfo.
2015-06-25 16:47:43,577 [Worker-6] ERROR o.a.j.j.h.ChildNodeEntriesImpl - ChildInfo iterator contains multiple entries with the same name|index or uniqueID -> ignore ChildNodeInfo.
2015-06-25 16:47:43,731 [Worker-6] ERROR o.a.j.j.h.ChildNodeEntriesImpl - ChildInfo iterator contains multiple entries with the same name|index or uniqueID -> ignore ChildNodeInfo.
2015-06-25 16:47:43,806 [Worker-6] ERROR o.a.j.j.h.ChildNodeEntriesImpl - ChildInfo iterator contains multiple entries with the same name|index or uniqueID -> ignore ChildNodeInfo.
2015-06-25 16:47:44,158 [Worker-6] ERROR o.a.j.j.h.ChildNodeEntriesImpl - ChildInfo iterator contains multiple entries with the same name|index or uniqueID -> ignore ChildNodeInfo.
2015-06-25 16:47:44,306 [Worker-6] ERROR o.a.j.j.h.ChildNodeEntriesImpl - ChildInfo iterator contains multiple entries with the same name|index or uniqueID -> ignore ChildNodeInfo.
2015-06-25 16:47:44,561 [Worker-6] ERROR o.a.j.j.h.ChildNodeEntriesImpl - ChildInfo iterator contains multiple entries with the same name|index or uniqueID -> ignore ChildNodeInfo.
2015-06-25 16:47:44,640 [Worker-6] ERROR o.a.j.j.h.ChildNodeEntriesImpl - ChildInfo iterator contains multiple entries with the same name|index or uniqueID -> ignore ChildNodeInfo.
2015-06-25 16:47:44,640 [Worker-6] ERROR o.a.j.j.h.ChildNodeEntriesImpl - ChildInfo iterator contains multiple entries with the same name|index or uniqueID -> ignore ChildNodeInfo.
2015-06-25 16:47:44,866 [Worker-6] ERROR o.a.j.j.h.ChildNodeEntriesImpl - ChildInfo iterator contains multiple entries with the same name|index or uniqueID -> ignore ChildNodeInfo.
2015-06-25 16:47:44,984 [Worker-6] ERROR o.a.j.j.h.ChildNodeEntriesImpl - ChildInfo iterator contains multiple entries with the same name|index or uniqueID -> ignore ChildNodeInfo.
2015-06-25 16:47:45,075 [Worker-6] ERROR o.a.j.j.h.ChildNodeEntriesImpl - ChildInfo iterator contains multiple entries with the same name|index or uniqueID -> ignore ChildNodeInfo.
2015-06-25 16:47:45,223 [Worker-6] ERROR o.a.j.j.h.ChildNodeEntriesImpl - ChildInfo iterator contains multiple entries with the same name|index or uniqueID -> ignore ChildNodeInfo.
2015-06-25 16:47:45,252 [Worker-6] ERROR o.a.j.j.h.ChildNodeEntriesImpl - ChildInfo iterator contains multiple entries with the same name|index or uniqueID -> ignore ChildNodeInfo.
2015-06-25 16:47:45,253 [Worker-6] ERROR o.a.j.j.h.ChildNodeEntriesImpl - ChildInfo iterator contains multiple entries with the same name|index or uniqueID -> ignore ChildNodeInfo.
2015-06-25 16:47:45,658 [Worker-6] ERROR o.a.j.j.h.ChildNodeEntriesImpl - ChildInfo iterator contains multiple entries with the same name|index or uniqueID -> ignore ChildNodeInfo.
2015-06-25 16:47:45,937 [Worker-6] ERROR o.a.j.j.h.ChildNodeEntriesImpl - ChildInfo iterator contains multiple entries with the same name|index or uniqueID -> ignore ChildNodeInfo.
2015-06-25 16:47:45,938 [Worker-6] ERROR o.a.j.j.h.ChildNodeEntriesImpl - ChildInfo iterator contains multiple entries with the same name|index or uniqueID -> ignore ChildNodeInfo.
2015-06-25 16:47:46,014 [Worker-6] ERROR o.a.j.j.h.ChildNodeEntriesImpl - ChildInfo iterator contains multiple entries with the same name|index or uniqueID -> ignore ChildNodeInfo.
